<?xml version="1.0" encoding="UTF-8"?>
<!-- Generated by org.testng.reporters.JUnitXMLReporter -->
<testsuite ignored="0" hostname="ADMIW58ZLPC0664" failures="0" tests="1" name="Test" time="0.077" errors="0" timestamp="2022-02-19T10:25:57 IST">
  <testcase classname="Testng.testng" name="@BeforeTest test1" time="0.023">
    <failure type="java.lang.NullPointerException" message="Cannot invoke &amp;quot;String.equalsIgnoreCase(String)&amp;quot; because &amp;quot;browser&amp;quot; is null">
      <![CDATA[java.lang.NullPointerException: Cannot invoke "String.equalsIgnoreCase(String)" because "browser" is null
at Acions.Browser.driverSetup(Browser.java:11)
at Testng.testng.test1(testng.java:22)
... Removed 24 stack frames]]>
    </failure>
  </testcase> <!-- @BeforeTest test1 -->
  <testcase classname="Testng.testng" name="@AfterTest test3" time="-1.645246557789E9">
    <skipped/>
  </testcase> <!-- @AfterTest test3 -->
  <testcase classname="Testng.testng" name="test2" time="0.0">
    <skipped/>
  </testcase> <!-- test2 -->
</testsuite> <!-- Test -->
